[debug] [2023-03-26T13:11:02.174Z] ----------------------------------------------------------------------
[debug] [2023-03-26T13:11:02.175Z] Command:       C:\Program Files\nodejs\node.exe C:\Users\User\AppData\Roaming\npm\node_modules\firebase-tools\lib\bin\firebase.js init
[debug] [2023-03-26T13:11:02.176Z] CLI Version:   11.25.1
[debug] [2023-03-26T13:11:02.176Z] Platform:      win32
[debug] [2023-03-26T13:11:02.176Z] Node Version:  v18.15.0
[debug] [2023-03-26T13:11:02.177Z] Time:          Sun Mar 26 2023 22:11:02 GMT+0900 (대한민국 표준시)
[debug] [2023-03-26T13:11:02.177Z] ----------------------------------------------------------------------
[debug] 
[debug] [2023-03-26T13:11:02.237Z] > command requires scopes: ["email","openid","https://www.googleapis.com/auth/cloudplatformprojects.readonly","https://www.googleapis.com/auth/firebase","https://www.googleapis.com/auth/cloud-platform"]
[debug] [2023-03-26T13:11:02.237Z] > authorizing via signed-in user (jhj361217@gmail.com)
[info] 
     ######## #### ########  ######## ########     ###     ######  ########
     ##        ##  ##     ## ##       ##     ##  ##   ##  ##       ##
     ######    ##  ########  ######   ########  #########  ######  ######
     ##        ##  ##    ##  ##       ##     ## ##     ##       ## ##
     ##       #### ##     ## ######## ########  ##     ##  ######  ########

You're about to initialize a Firebase project in this directory:

  C:\Users\User\OneDrive\바탕 화면\HyunJung\JHJ

Before we get started, keep in mind:

  * You are initializing within an existing Firebase project directory

[info] 
=== Project Setup
[info] 
[info] First, let's associate this project directory with a Firebase project.
[info] You can create multiple project aliases by running firebase use --add, 
[info] but for now we'll just set up a default project.
[info] 
[debug] [2023-03-26T13:11:28.734Z] Using project from CLI flag: jhj-chat
[debug] [2023-03-26T13:11:28.737Z] >>> [apiv2][query] GET https://firebase.googleapis.com/v1beta1/projects/jhj-chat [none]
[debug] [2023-03-26T13:11:29.181Z] <<< [apiv2][status] GET https://firebase.googleapis.com/v1beta1/projects/jhj-chat 200
[debug] [2023-03-26T13:11:29.181Z] <<< [apiv2][body] GET https://firebase.googleapis.com/v1beta1/projects/jhj-chat {"projectId":"jhj-chat","projectNumber":"596869950282","displayName":"jhj-chat","name":"projects/jhj-chat","resources":{"hostingSite":"jhj-chat","realtimeDatabaseInstance":"jhj-chat-default-rtdb"},"state":"ACTIVE","etag":"1_54e57105-635e-4aea-9ae1-afe5f37ada13"}
[info] i  Using project jhj-chat (jhj-chat) 
[info] 
=== Database Setup
[info] i  database: ensuring required API firebasedatabase.googleapis.com is enabled... 
[debug] [2023-03-26T13:11:29.194Z] >>> [apiv2][query] GET https://serviceusage.googleapis.com/v1/projects/jhj-chat/services/firebasedatabase.googleapis.com [none]
[debug] [2023-03-26T13:11:29.194Z] >>> [apiv2][(partial)header] GET https://serviceusage.googleapis.com/v1/projects/jhj-chat/services/firebasedatabase.googleapis.com x-goog-quota-user=projects/jhj-chat
[debug] [2023-03-26T13:11:30.487Z] <<< [apiv2][status] GET https://serviceusage.googleapis.com/v1/projects/jhj-chat/services/firebasedatabase.googleapis.com 200
[debug] [2023-03-26T13:11:30.487Z] <<< [apiv2][body] GET https://serviceusage.googleapis.com/v1/projects/jhj-chat/services/firebasedatabase.googleapis.com [omitted]
[info] +  database: required API firebasedatabase.googleapis.com is enabled 
[info] 
[debug] [2023-03-26T13:11:30.490Z] >>> [apiv2][query] GET https://firebasedatabase.googleapis.com/v1beta/projects/jhj-chat/locations/-/instances/jhj-chat-default-rtdb [none]
[debug] [2023-03-26T13:11:30.917Z] <<< [apiv2][status] GET https://firebasedatabase.googleapis.com/v1beta/projects/jhj-chat/locations/-/instances/jhj-chat-default-rtdb 200
[debug] [2023-03-26T13:11:30.918Z] <<< [apiv2][body] GET https://firebasedatabase.googleapis.com/v1beta/projects/jhj-chat/locations/-/instances/jhj-chat-default-rtdb {"name":"projects/596869950282/locations/asia-southeast1/instances/jhj-chat-default-rtdb","project":"projects/596869950282","databaseUrl":"https://jhj-chat-default-rtdb.asia-southeast1.firebasedatabase.app","type":"DEFAULT_DATABASE","state":"ACTIVE"}
[info] 
[info] Firebase Realtime Database Security Rules allow you to define how your data should be
[info] structured and when your data can be read from and written to.
[info] 
[debug] [2023-03-26T13:12:14.835Z] >>> [apiv2][query] GET https://jhj-chat-default-rtdb.asia-southeast1.firebasedatabase.app/.settings/rules.json [none]
[debug] [2023-03-26T13:12:15.042Z] <<< [apiv2][status] GET https://jhj-chat-default-rtdb.asia-southeast1.firebasedatabase.app/.settings/rules.json 200
[debug] [2023-03-26T13:12:15.042Z] <<< [apiv2][body] GET https://jhj-chat-default-rtdb.asia-southeast1.firebasedatabase.app/.settings/rules.json [stream]
[info] +  Database Rules for jhj-chat-default-rtdb have been written to database.rules.json. 
[info] Future modifications to database.rules.json will update Realtime Database Security Rules when you run
[info] firebase deploy.
[info] 
=== Firestore Setup
[debug] [2023-03-26T13:12:15.050Z] >>> [apiv2][query] GET https://serviceusage.googleapis.com/v1/projects/jhj-chat/services/firestore.googleapis.com [none]
[debug] [2023-03-26T13:12:15.050Z] >>> [apiv2][(partial)header] GET https://serviceusage.googleapis.com/v1/projects/jhj-chat/services/firestore.googleapis.com x-goog-quota-user=projects/jhj-chat
[debug] [2023-03-26T13:12:16.241Z] <<< [apiv2][status] GET https://serviceusage.googleapis.com/v1/projects/jhj-chat/services/firestore.googleapis.com 200
[debug] [2023-03-26T13:12:16.241Z] <<< [apiv2][body] GET https://serviceusage.googleapis.com/v1/projects/jhj-chat/services/firestore.googleapis.com [omitted]
[debug] [2023-03-26T13:12:16.242Z] >>> [apiv2][query] GET https://firestore.googleapis.com/v1/projects/jhj-chat/databases/(default) [none]
[debug] [2023-03-26T13:12:16.399Z] <<< [apiv2][status] GET https://firestore.googleapis.com/v1/projects/jhj-chat/databases/(default) 200
[debug] [2023-03-26T13:12:16.399Z] <<< [apiv2][body] GET https://firestore.googleapis.com/v1/projects/jhj-chat/databases/(default) {"name":"projects/jhj-chat/databases/(default)","uid":"0d8c5b9f-0dd6-4b6f-9e77-e365725fd603","createTime":"2023-03-26T08:30:19.939796Z","updateTime":"2023-03-26T08:30:19.939796Z","locationId":"asia-northeast3","type":"FIRESTORE_NATIVE","concurrencyMode":"PESSIMISTIC","appEngineIntegrationMode":"DISABLED","keyPrefix":"v","deleteProtectionState":"DELETE_PROTECTION_DISABLED","etag":"IJnFlPnV+f0CMKyEvPWl+f0C"}
[debug] [2023-03-26T13:12:16.400Z] database_type: FIRESTORE_NATIVE
[debug] [2023-03-26T13:12:16.400Z] > command requires scopes: ["email","openid","https://www.googleapis.com/auth/cloudplatformprojects.readonly","https://www.googleapis.com/auth/firebase","https://www.googleapis.com/auth/cloud-platform"]
[debug] [2023-03-26T13:12:16.402Z] > authorizing via signed-in user (jhj361217@gmail.com)
[debug] [2023-03-26T13:12:16.402Z] [iam] checking project jhj-chat for permissions ["firebase.projects.get"]
[debug] [2023-03-26T13:12:16.403Z] >>> [apiv2][query] POST https://cloudresourcemanager.googleapis.com/v1/projects/jhj-chat:testIamPermissions [none]
[debug] [2023-03-26T13:12:16.403Z] >>> [apiv2][(partial)header] POST https://cloudresourcemanager.googleapis.com/v1/projects/jhj-chat:testIamPermissions x-goog-quota-user=projects/jhj-chat
[debug] [2023-03-26T13:12:16.404Z] >>> [apiv2][body] POST https://cloudresourcemanager.googleapis.com/v1/projects/jhj-chat:testIamPermissions {"permissions":["firebase.projects.get"]}
[debug] [2023-03-26T13:12:17.208Z] <<< [apiv2][status] POST https://cloudresourcemanager.googleapis.com/v1/projects/jhj-chat:testIamPermissions 200
[debug] [2023-03-26T13:12:17.208Z] <<< [apiv2][body] POST https://cloudresourcemanager.googleapis.com/v1/projects/jhj-chat:testIamPermissions {"permissions":["firebase.projects.get"]}
[info] 
[info] Firestore Security Rules allow you to define how and when to allow
[info] requests. You can keep these rules in your project directory
[info] and publish them with firebase deploy.
[info] 
[debug] [2023-03-26T13:12:24.770Z] >>> [apiv2][query] GET https://firebaserules.googleapis.com/v1/projects/jhj-chat/releases pageSize=10&pageToken=
[debug] [2023-03-26T13:12:25.212Z] <<< [apiv2][status] GET https://firebaserules.googleapis.com/v1/projects/jhj-chat/releases 200
[debug] [2023-03-26T13:12:25.212Z] <<< [apiv2][body] GET https://firebaserules.googleapis.com/v1/projects/jhj-chat/releases {"releases":[{"name":"projects/jhj-chat/releases/cloud.firestore","rulesetName":"projects/jhj-chat/rulesets/b36efd28-fb23-4460-aeda-07926ce56d3d","createTime":"2023-03-26T08:30:28.252708Z","updateTime":"2023-03-26T09:50:29.905882Z"}]}
[debug] [2023-03-26T13:12:25.212Z] Found ruleset: projects/jhj-chat/rulesets/b36efd28-fb23-4460-aeda-07926ce56d3d
[debug] [2023-03-26T13:12:25.213Z] >>> [apiv2][query] GET https://firebaserules.googleapis.com/v1/projects/jhj-chat/rulesets/b36efd28-fb23-4460-aeda-07926ce56d3d [none]
[debug] [2023-03-26T13:12:26.377Z] <<< [apiv2][status] GET https://firebaserules.googleapis.com/v1/projects/jhj-chat/rulesets/b36efd28-fb23-4460-aeda-07926ce56d3d 200
[debug] [2023-03-26T13:12:26.377Z] <<< [apiv2][body] GET https://firebaserules.googleapis.com/v1/projects/jhj-chat/rulesets/b36efd28-fb23-4460-aeda-07926ce56d3d [omitted]
[info] 
[info] Firestore indexes allow you to perform complex queries while
[info] maintaining performance that scales with the size of the result
[info] set. You can keep index definitions in your project directory
[info] and publish them with firebase deploy.
[info] 
[debug] [2023-03-26T13:12:42.471Z] >>> [apiv2][query] GET https://firestore.googleapis.com/v1/projects/jhj-chat/databases/(default)/collectionGroups/-/indexes [none]
[debug] [2023-03-26T13:12:42.473Z] >>> [apiv2][query] GET https://firestore.googleapis.com/v1/projects/jhj-chat/databases/(default)/collectionGroups/-/fields?filter=indexConfig.usesAncestorConfig=false OR ttlConfig:* [none]
[debug] [2023-03-26T13:12:42.639Z] <<< [apiv2][status] GET https://firestore.googleapis.com/v1/projects/jhj-chat/databases/(default)/collectionGroups/-/indexes 200
[debug] [2023-03-26T13:12:42.640Z] <<< [apiv2][body] GET https://firestore.googleapis.com/v1/projects/jhj-chat/databases/(default)/collectionGroups/-/indexes {}
[debug] [2023-03-26T13:12:42.642Z] <<< [apiv2][status] GET https://firestore.googleapis.com/v1/projects/jhj-chat/databases/(default)/collectionGroups/-/fields?filter=indexConfig.usesAncestorConfig=false OR ttlConfig:* 200
[debug] [2023-03-26T13:12:42.642Z] <<< [apiv2][body] GET https://firestore.googleapis.com/v1/projects/jhj-chat/databases/(default)/collectionGroups/-/fields?filter=indexConfig.usesAncestorConfig=false OR ttlConfig:* {"fields":[{"name":"projects/jhj-chat/databases/(default)/collectionGroups/__default__/fields/*","indexConfig":{"indexes":[{"queryScope":"COLLECTION","fields":[{"fieldPath":"*","order":"ASCENDING"}],"state":"READY"},{"queryScope":"COLLECTION","fields":[{"fieldPath":"*","order":"DESCENDING"}],"state":"READY"},{"queryScope":"COLLECTION","fields":[{"fieldPath":"*","arrayConfig":"CONTAINS"}],"state":"READY"}]}}]}
[info] 
=== Functions Setup
[debug] [2023-03-26T13:12:42.647Z] > command requires scopes: ["email","openid","https://www.googleapis.com/auth/cloudplatformprojects.readonly","https://www.googleapis.com/auth/firebase","https://www.googleapis.com/auth/cloud-platform"]
[debug] [2023-03-26T13:12:42.648Z] > authorizing via signed-in user (jhj361217@gmail.com)
[debug] [2023-03-26T13:12:42.648Z] [iam] checking project jhj-chat for permissions ["firebase.projects.get"]
[debug] [2023-03-26T13:12:42.648Z] >>> [apiv2][query] POST https://cloudresourcemanager.googleapis.com/v1/projects/jhj-chat:testIamPermissions [none]
[debug] [2023-03-26T13:12:42.648Z] >>> [apiv2][(partial)header] POST https://cloudresourcemanager.googleapis.com/v1/projects/jhj-chat:testIamPermissions x-goog-quota-user=projects/jhj-chat
[debug] [2023-03-26T13:12:42.648Z] >>> [apiv2][body] POST https://cloudresourcemanager.googleapis.com/v1/projects/jhj-chat:testIamPermissions {"permissions":["firebase.projects.get"]}
[debug] [2023-03-26T13:12:43.448Z] <<< [apiv2][status] POST https://cloudresourcemanager.googleapis.com/v1/projects/jhj-chat:testIamPermissions 200
[debug] [2023-03-26T13:12:43.448Z] <<< [apiv2][body] POST https://cloudresourcemanager.googleapis.com/v1/projects/jhj-chat:testIamPermissions {"permissions":["firebase.projects.get"]}
[debug] [2023-03-26T13:12:43.449Z] >>> [apiv2][query] GET https://serviceusage.googleapis.com/v1/projects/jhj-chat/services/cloudfunctions.googleapis.com [none]
[debug] [2023-03-26T13:12:43.449Z] >>> [apiv2][(partial)header] GET https://serviceusage.googleapis.com/v1/projects/jhj-chat/services/cloudfunctions.googleapis.com x-goog-quota-user=projects/jhj-chat
[debug] [2023-03-26T13:12:43.452Z] >>> [apiv2][query] GET https://serviceusage.googleapis.com/v1/projects/jhj-chat/services/runtimeconfig.googleapis.com [none]
[debug] [2023-03-26T13:12:43.452Z] >>> [apiv2][(partial)header] GET https://serviceusage.googleapis.com/v1/projects/jhj-chat/services/runtimeconfig.googleapis.com x-goog-quota-user=projects/jhj-chat
[debug] [2023-03-26T13:12:44.673Z] <<< [apiv2][status] GET https://serviceusage.googleapis.com/v1/projects/jhj-chat/services/runtimeconfig.googleapis.com 200
[debug] [2023-03-26T13:12:44.674Z] <<< [apiv2][body] GET https://serviceusage.googleapis.com/v1/projects/jhj-chat/services/runtimeconfig.googleapis.com [omitted]
[debug] [2023-03-26T13:12:44.709Z] <<< [apiv2][status] GET https://serviceusage.googleapis.com/v1/projects/jhj-chat/services/cloudfunctions.googleapis.com 200
[debug] [2023-03-26T13:12:44.709Z] <<< [apiv2][body] GET https://serviceusage.googleapis.com/v1/projects/jhj-chat/services/cloudfunctions.googleapis.com [omitted]
[debug] [2023-03-26T13:12:44.711Z] >>> [apiv2][query] POST https://serviceusage.googleapis.com/v1/projects/jhj-chat/services/cloudfunctions.googleapis.com:enable [none]
[debug] [2023-03-26T13:12:44.711Z] >>> [apiv2][(partial)header] POST https://serviceusage.googleapis.com/v1/projects/jhj-chat/services/cloudfunctions.googleapis.com:enable x-goog-quota-user=projects/jhj-chat
[debug] [2023-03-26T13:12:46.181Z] <<< [apiv2][status] POST https://serviceusage.googleapis.com/v1/projects/jhj-chat/services/cloudfunctions.googleapis.com:enable 200
[debug] [2023-03-26T13:12:46.182Z] <<< [apiv2][body] POST https://serviceusage.googleapis.com/v1/projects/jhj-chat/services/cloudfunctions.googleapis.com:enable [omitted]
[debug] [2023-03-26T13:12:56.191Z] >>> [apiv2][query] GET https://serviceusage.googleapis.com/v1/projects/jhj-chat/services/cloudfunctions.googleapis.com [none]
[debug] [2023-03-26T13:12:56.191Z] >>> [apiv2][(partial)header] GET https://serviceusage.googleapis.com/v1/projects/jhj-chat/services/cloudfunctions.googleapis.com x-goog-quota-user=projects/jhj-chat
[debug] [2023-03-26T13:12:57.352Z] <<< [apiv2][status] GET https://serviceusage.googleapis.com/v1/projects/jhj-chat/services/cloudfunctions.googleapis.com 200
[debug] [2023-03-26T13:12:57.352Z] <<< [apiv2][body] GET https://serviceusage.googleapis.com/v1/projects/jhj-chat/services/cloudfunctions.googleapis.com [omitted]
[info] 
Detected existing codebase(s): default

